2015-01-28 00:11:00,559 [19] INFO  EPAM.MyBlog.DAL.DB.DAL [(null)] - DB: Удален комментарий: 8bb9fad2-0a7c-4d14-977c-c095ee5a8460
2015-01-28 00:11:09,184 [19] INFO  EPAM.MyBlog.UI.Web.Controllers.AdminController [(null)] - Удаление комментария 8bb9fad2-0a7c-4d14-977c-c095ee5a8460
2015-01-28 00:13:16,666 [19] INFO  EPAM.MyBlog.DAL.DB.DAL [(null)] - DB: Удален комментарий: 7f509c80-ff12-4457-bb80-a9575206f740
2015-01-28 00:13:22,806 [19] INFO  EPAM.MyBlog.UI.Web.Controllers.AdminController [(null)] - Удаление комментария 7f509c80-ff12-4457-bb80-a9575206f740
2015-01-28 00:21:59,138 [9] INFO  EPAM.MyBlog.DAL.DB.DAL [(null)] - DB: Удален пост: bd4cbacb-d2f6-40f2-8c9e-beb48b5931c1
2015-01-28 00:21:59,154 [9] INFO  EPAM.MyBlog.UI.Web.Controllers.AdminController [(null)] - Удаление поста bd4cbacb-d2f6-40f2-8c9e-beb48b5931c1
2015-01-28 00:22:32,833 [10] INFO  EPAM.MyBlog.DAL.DB.DAL [(null)] - DB: Удален комментарий: 8bb9fad2-0a7c-4d14-977c-c095ee5a8460
2015-01-28 00:22:32,834 [10] INFO  EPAM.MyBlog.UI.Web.Controllers.AdminController [(null)] - Удаление комментария 8bb9fad2-0a7c-4d14-977c-c095ee5a8460
2015-01-28 00:22:44,135 [7] INFO  EPAM.MyBlog.UI.Web.Controllers.FilesController [(null)] - Загрузка аватара из базы для пользователя: Admin2
2015-01-28 00:23:09,213 [10] INFO  EPAM.MyBlog.DAL.DB.DAL [(null)] - DB: Удален пост: 155020fc-c16d-48fe-90f0-151ba2fbf5b1
2015-01-28 00:23:09,213 [10] INFO  EPAM.MyBlog.UI.Web.Controllers.AdminController [(null)] - Удаление поста 155020fc-c16d-48fe-90f0-151ba2fbf5b1
2015-01-28 00:30:01,546 [8] INFO  EPAM.MyBlog.DAL.DB.DAL [(null)] - DB: Удален пост: cd2dde95-56e3-418d-9595-83f0792604bc
2015-01-28 00:30:01,557 [8] INFO  EPAM.MyBlog.UI.Web.Controllers.AdminController [(null)] - Удаление поста cd2dde95-56e3-418d-9595-83f0792604bc
2015-01-28 00:45:22,417 [10] INFO  EPAM.MyBlog.DAL.DB.DAL [(null)] - DB: Удален пост: 05a6ece9-4bf6-4b87-8073-0b4303c3abd3
2015-01-28 00:45:22,432 [10] INFO  EPAM.MyBlog.UI.Web.Controllers.AdminController [(null)] - Удаление поста 05a6ece9-4bf6-4b87-8073-0b4303c3abd3
2015-01-28 02:19:06,245 [224] INFO  EPAM.MyBlog.UI.Web.Controllers.FilesController [(null)] - Загрузка аватара из базы для пользователя: Admin2
2015-01-28 02:36:18,374 [238] INFO  EPAM.MyBlog.UI.Web.Controllers.FilesController [(null)] - Загрузка аватара из базы для пользователя: Admin2
2015-01-28 02:36:28,948 [223] INFO  EPAM.MyBlog.UI.Web.Controllers.FilesController [(null)] - Загрузка аватара из базы для пользователя: Admin2
2015-01-28 02:36:37,238 [230] INFO  EPAM.MyBlog.UI.Web.Controllers.FilesController [(null)] - Загрузка аватара из базы для пользователя: Admin2
2015-01-28 02:36:41,419 [230] INFO  EPAM.MyBlog.UI.Web.Controllers.FilesController [(null)] - Загрузка аватара из базы для пользователя: Admin2
2015-01-28 12:58:24,222 [71] INFO  EPAM.MyBlog.UI.Web.Models.LoginModel [(null)] - Пользователь: Admin2 ввел некорректный пароль
2015-01-28 13:08:35,294 [10] INFO  EPAM.MyBlog.UI.Web.Controllers.AccountController [(null)] - Пользователь вышел из системы: Admin2
2015-01-28 13:08:45,549 [64] INFO  EPAM.MyBlog.UI.Web.Models.LoginModel [(null)] - Пользователь: Admin2 ввел некорректный пароль
2015-01-28 13:10:21,046 [73] INFO  EPAM.MyBlog.UI.Web.Models.LoginModel [(null)] - Вход в систему пользователя: Admin2
2015-01-28 13:10:36,467 [64] INFO  EPAM.MyBlog.UI.Web.Controllers.FilesController [(null)] - Загрузка аватара из базы для пользователя: Admin2
2015-01-28 13:10:57,801 [67] INFO  EPAM.MyBlog.UI.Web.Controllers.AdminController [(null)] - Изменены роли на -Модератор- у пользователей: Jemrock
2015-01-28 13:11:24,520 [71] INFO  EPAM.MyBlog.DAL.DB.DAL [(null)] - DB: Добавлен комментарий: 6e60457a-d783-4148-892f-5e8c5310154e к посту: b017e7d1-7f79-4249-a3eb-085f6d7059e3
2015-01-28 13:11:24,520 [71] INFO  EPAM.MyBlog.UI.Web.Controllers.CommentController [(null)] - Добавлен комментарий пользователя: Admin2 к посту: b017e7d1-7f79-4249-a3eb-085f6d7059e3
2015-01-28 13:12:05,259 [69] INFO  EPAM.MyBlog.DAL.DB.DAL [(null)] - DB: Добавлен пост: 27bf7276-9925-46b9-9fca-6e33f48f2b96 пользователя: 
2015-01-28 13:54:02,025 [48] INFO  EPAM.MyBlog.UI.Web.Models.LoginModel [(null)] - Вход в систему пользователя: Admin2
2015-01-28 14:37:33,524 [29] INFO  EPAM.MyBlog.UI.Web.Controllers.FilesController [(null)] - Загрузка аватара из базы для пользователя: Admin2
2015-01-28 15:19:33,700 [95] INFO  EPAM.MyBlog.UI.Web.Controllers.AccountController [(null)] - Пользователь вышел из системы: Admin2
2015-01-28 15:20:28,909 [95] INFO  EPAM.MyBlog.UI.Web.Controllers.AccountController [(null)] - Пользователь вышел из системы: Admin2
2015-01-28 15:25:00,887 [98] INFO  EPAM.MyBlog.UI.Web.Models.LoginModel [(null)] - Вход в систему пользователя: Admin2
2015-01-28 15:25:03,506 [24] INFO  EPAM.MyBlog.UI.Web.Controllers.FilesController [(null)] - Загрузка аватара из базы для пользователя: Admin2
2015-01-28 15:35:02,572 [27] INFO  EPAM.MyBlog.UI.Web.Controllers.FilesController [(null)] - Загрузка аватара из базы для пользователя: Admin2
2015-01-28 19:39:21,837 [5] INFO  EPAM.MyBlog.UI.Web.Models.LoginModel [(null)] - Вход в систему пользователя: Admin2
2015-01-28 19:46:55,756 [5] INFO  EPAM.MyBlog.UI.Web.Controllers.AccountController [(null)] - Пользователь вышел из системы: Admin2
2015-01-28 19:48:16,233 [10] INFO  EPAM.MyBlog.UI.Web.Models.LoginModel [(null)] - Вход в систему пользователя: Admin2
2015-01-28 20:11:20,902 [57] INFO  EPAM.MyBlog.UI.Web.Controllers.AccountController [(null)] - Пользователь вышел из системы: Admin2
2015-01-28 20:11:29,701 [57] INFO  EPAM.MyBlog.UI.Web.Models.LoginModel [(null)] - Вход в систему пользователя: Admin2
2015-01-28 20:50:23,353 [60] INFO  EPAM.MyBlog.UI.Web.Controllers.FilesController [(null)] - Загрузка аватара из базы для пользователя: Admin2
2015-01-28 20:50:28,088 [60] INFO  EPAM.MyBlog.DAL.DB.DAL [(null)] - DB: Данные об имени пользователя сохранены: Admin2
2015-01-28 20:50:28,089 [60] INFO  EPAM.MyBlog.UI.Web.Controllers.AccountController [(null)] - Пользователь: Admin2 изменил имя
2015-01-28 20:50:28,369 [62] INFO  EPAM.MyBlog.UI.Web.Controllers.FilesController [(null)] - Загрузка аватара из базы для пользователя: Admin2
2015-01-28 20:50:43,204 [60] INFO  EPAM.MyBlog.DAL.DB.DAL [(null)] - DB: Аватр добавлен: Admin2
2015-01-28 20:50:43,205 [60] INFO  EPAM.MyBlog.UI.Web.Controllers.FilesController [(null)] - Загрузка нового аватара пользователем: Admin2
2015-01-28 20:50:43,495 [60] INFO  EPAM.MyBlog.UI.Web.Controllers.FilesController [(null)] - Загрузка аватара из базы для пользователя: Admin2
2015-01-28 20:50:57,701 [61] INFO  EPAM.MyBlog.DAL.DB.DAL [(null)] - DB: Данные о поле пользователя сохранены: Admin2
2015-01-28 20:50:57,702 [61] INFO  EPAM.MyBlog.UI.Web.Controllers.AccountController [(null)] - Пользователь: Admin2 изменил информацию о поле
2015-01-28 20:50:57,921 [61] INFO  EPAM.MyBlog.UI.Web.Controllers.FilesController [(null)] - Загрузка аватара из базы для пользователя: Admin2
2015-01-28 20:51:07,489 [60] INFO  EPAM.MyBlog.DAL.DB.DAL [(null)] - DB: Данные о дате рождения пользователя сохранены: Admin2
2015-01-28 20:51:07,490 [60] INFO  EPAM.MyBlog.UI.Web.Controllers.AccountController [(null)] - Пользователь: Admin2 изменил дату рождения
2015-01-28 20:51:07,753 [61] INFO  EPAM.MyBlog.UI.Web.Controllers.FilesController [(null)] - Загрузка аватара из базы для пользователя: Admin2
2015-01-28 21:09:44,941 [49] INFO  EPAM.MyBlog.UI.Web.Controllers.FilesController [(null)] - Загрузка аватара из базы для пользователя: Admin2
2015-01-28 21:57:16,741 [31] INFO  EPAM.MyBlog.UI.Web.Controllers.FilesController [(null)] - Загрузка аватара из базы для пользователя: Admin2
2015-01-28 22:08:55,959 [36] INFO  EPAM.MyBlog.UI.Web.Controllers.FilesController [(null)] - Загрузка аватара из базы для пользователя: Admin2
2015-01-28 23:00:24,653 [16] INFO  EPAM.MyBlog.UI.Web.Controllers.FilesController [(null)] - Загрузка аватара из базы для пользователя: Admin2
2015-01-28 23:03:11,467 [14] INFO  EPAM.MyBlog.UI.Web.Controllers.FilesController [(null)] - Загрузка аватара из базы для пользователя: Admin2
2015-01-28 23:54:50,348 [9] INFO  EPAM.MyBlog.UI.Web.Controllers.FilesController [(null)] - Загрузка аватара из базы для пользователя: Admin2
